<?xml version="1.0"?>
<testsuite name="Chrome 74.0.3729 (Linux 0.0.0)" package="unit" timestamp="2019-05-16T15:55:20" id="0" hostname="victoria" tests="15" errors="0" failures="0" time="0.04">
  <properties>
    <property name="browser.fullName" value="Mozilla/5.0 (X11; Linux x86_64) AppleWebKit/537.36 (KHTML, like Gecko) Chrome/74.0.3729.131 Safari/537.36"/>
  </properties>
  <testcase name="HomeComponent should create" time="0" classname="Chrome_74_0_3729_(Linux_0_0_0).unit.HomeComponent">
    <skipped/>
  </testcase>
  <testcase name="AppComponent should create the app" time="0" classname="Chrome_74_0_3729_(Linux_0_0_0).unit.AppComponent">
    <skipped/>
  </testcase>
  <testcase name="AppComponent should have as title 'app'" time="0" classname="Chrome_74_0_3729_(Linux_0_0_0).unit.AppComponent">
    <skipped/>
  </testcase>
  <testcase name="AppComponent should render title in a h1 tag" time="0" classname="Chrome_74_0_3729_(Linux_0_0_0).unit.AppComponent">
    <skipped/>
  </testcase>
  <testcase name="LoginComponent should be created" time="0" classname="Chrome_74_0_3729_(Linux_0_0_0).unit.LoginComponent">
    <skipped/>
  </testcase>
  <testcase name="StudentAddComponent should create" time="0" classname="Chrome_74_0_3729_(Linux_0_0_0).unit.StudentAddComponent">
    <skipped/>
  </testcase>
  <testcase name="StudentDetailsComponent should create" time="0" classname="Chrome_74_0_3729_(Linux_0_0_0).unit.StudentDetailsComponent">
    <skipped/>
  </testcase>
  <testcase name="StudentListComponent should create" time="0" classname="Chrome_74_0_3729_(Linux_0_0_0).unit.StudentListComponent">
    <skipped/>
  </testcase>
  <testcase name="HighlightStudentDirective should create an instance" time="0.002" classname="Chrome_74_0_3729_(Linux_0_0_0).unit.HighlightStudentDirective"/>
  <testcase name="FilterPipe create an instance" time="0.001" classname="Chrome_74_0_3729_(Linux_0_0_0).unit.FilterPipe"/>
  <testcase name="PhonePipe create an instance" time="0" classname="Chrome_74_0_3729_(Linux_0_0_0).unit.PhonePipe"/>
  <testcase name="AuthService should be created" time="0" classname="Chrome_74_0_3729_(Linux_0_0_0).unit.AuthService">
    <skipped/>
  </testcase>
  <testcase name="ConfigService should be created" time="0.025" classname="Chrome_74_0_3729_(Linux_0_0_0).unit.ConfigService"/>
  <testcase name="StudentService should be created" time="0.006" classname="Chrome_74_0_3729_(Linux_0_0_0).unit.StudentService"/>
  <testcase name="UserService should be created" time="0.006" classname="Chrome_74_0_3729_(Linux_0_0_0).unit.UserService"/>
  <system-out>
    <![CDATA[
]]>
  </system-out>
  <system-err/>
</testsuite>