<?xml version="1.0"?>
<testsuite name="HeadlessChrome 0.0.0 (Linux 0.0.0)" package="" timestamp="2019-05-07T15:08:48" id="0" hostname="victoria" tests="15" errors="0" failures="0" time="0.031">
  <properties>
    <property name="browser.fullName" value="Mozilla/5.0 (X11; Linux x86_64) AppleWebKit/537.36 (KHTML, like Gecko) HeadlessChrome/74.0.3729.131 Safari/537.36"/>
  </properties>
  <testcase name="HomeComponent should create" time="0" classname="HeadlessChrome_0_0_0_(Linux_0_0_0).HomeComponent">
    <skipped/>
  </testcase>
  <testcase name="AppComponent should create the app" time="0" classname="HeadlessChrome_0_0_0_(Linux_0_0_0).AppComponent">
    <skipped/>
  </testcase>
  <testcase name="AppComponent should have as title 'app'" time="0" classname="HeadlessChrome_0_0_0_(Linux_0_0_0).AppComponent">
    <skipped/>
  </testcase>
  <testcase name="AppComponent should render title in a h1 tag" time="0" classname="HeadlessChrome_0_0_0_(Linux_0_0_0).AppComponent">
    <skipped/>
  </testcase>
  <testcase name="LoginComponent should be created" time="0" classname="HeadlessChrome_0_0_0_(Linux_0_0_0).LoginComponent">
    <skipped/>
  </testcase>
  <testcase name="StudentAddComponent should create" time="0" classname="HeadlessChrome_0_0_0_(Linux_0_0_0).StudentAddComponent">
    <skipped/>
  </testcase>
  <testcase name="StudentDetailsComponent should create" time="0" classname="HeadlessChrome_0_0_0_(Linux_0_0_0).StudentDetailsComponent">
    <skipped/>
  </testcase>
  <testcase name="StudentListComponent should create" time="0" classname="HeadlessChrome_0_0_0_(Linux_0_0_0).StudentListComponent">
    <skipped/>
  </testcase>
  <testcase name="HighlightStudentDirective should create an instance" time="0.002" classname="HeadlessChrome_0_0_0_(Linux_0_0_0).HighlightStudentDirective"/>
  <testcase name="FilterPipe create an instance" time="0" classname="HeadlessChrome_0_0_0_(Linux_0_0_0).FilterPipe"/>
  <testcase name="PhonePipe create an instance" time="0" classname="HeadlessChrome_0_0_0_(Linux_0_0_0).PhonePipe"/>
  <testcase name="AuthService should be created" time="0" classname="HeadlessChrome_0_0_0_(Linux_0_0_0).AuthService">
    <skipped/>
  </testcase>
  <testcase name="ConfigService should be created" time="0.019" classname="HeadlessChrome_0_0_0_(Linux_0_0_0).ConfigService"/>
  <testcase name="StudentService should be created" time="0.005" classname="HeadlessChrome_0_0_0_(Linux_0_0_0).StudentService"/>
  <testcase name="UserService should be created" time="0.005" classname="HeadlessChrome_0_0_0_(Linux_0_0_0).UserService"/>
  <system-out>
    <![CDATA[
]]>
  </system-out>
  <system-err/>
</testsuite>